2015-08-29 20:23:24,405 [7] INFO  ConnectionStringLog [(null)] - ConnectionStringUtil not be initional, init it.
2015-08-29 20:23:24,421 [7] INFO  ConnectionStringLog [(null)] - 第1次获取连接字符串开始...
2015-08-29 20:23:24,423 [7] INFO  ConnectionStringLog [(null)] - [ConnectionStringFactory] Create ConnectionStrings by Creator:AC.Data.ConnString.Config.ConnStringCreatorOfConfig
2015-08-29 20:23:24,426 [7] INFO  ConnectionStringLog [(null)] - 配置文件的[connectionStrings]配置节中共有字符串数量：2.
ConfigConnString:ConfigConnString:[Name:LocalSqlServer]-[ConnectionString:data source=.\SQLEXPRESS;Integrated Security=SSPI;AttachDBFilename=|DataDirectory|aspnetdb.mdf;User Instance=true]-[ProviderName:System.Data.SqlClient]
ConfigConnString:ConfigConnString:[Name:ConnStringOfAchuan]-[ConnectionString:Data Source=127.0.0.1;Initial Catalog=WYC;uid=sa;pwd=Vancl@123;Pooling=true;Max Pool Size=600;Connection Timeout=120]-[ProviderName:]

2015-08-29 20:23:24,427 [7] INFO  ConnectionStringLog [(null)] - ConnectionString初始化完成，共有数据库连接字符串：2个ConfigConnString:[Name:LocalSqlServer]-[ConnectionString:data source=.\SQLEXPRESS;Integrated Security=SSPI;AttachDBFilename=|DataDirectory|aspnetdb.mdf;User Instance=true]-[ProviderName:System.Data.SqlClient]
ConfigConnString:[Name:ConnStringOfAchuan]-[ConnectionString:Data Source=127.0.0.1;Initial Catalog=WYC;uid=sa;pwd=Vancl@123;Pooling=true;Max Pool Size=600;Connection Timeout=120]-[ProviderName:]

2015-08-29 21:39:08,764 [7] INFO  ConnectionStringLog [(null)] - ConnectionStringUtil not be initional, init it.
2015-08-29 21:39:08,843 [7] INFO  ConnectionStringLog [(null)] - 第1次获取连接字符串开始...
2015-08-29 21:39:08,845 [7] INFO  ConnectionStringLog [(null)] - [ConnectionStringFactory] Create ConnectionStrings by Creator:AC.Data.ConnString.Config.ConnStringCreatorOfConfig
2015-08-29 21:39:08,849 [7] INFO  ConnectionStringLog [(null)] - 配置文件的[connectionStrings]配置节中共有字符串数量：2.
ConfigConnString:ConfigConnString:[Name:LocalSqlServer]-[ConnectionString:data source=.\SQLEXPRESS;Integrated Security=SSPI;AttachDBFilename=|DataDirectory|aspnetdb.mdf;User Instance=true]-[ProviderName:System.Data.SqlClient]
ConfigConnString:ConfigConnString:[Name:ConnStringOfAchuan]-[ConnectionString:Data Source=127.0.0.1;Initial Catalog=WYC;uid=sa;pwd=Vancl@123;Pooling=true;Max Pool Size=600;Connection Timeout=120]-[ProviderName:]

2015-08-29 21:39:08,850 [7] INFO  ConnectionStringLog [(null)] - ConnectionString初始化完成，共有数据库连接字符串：2个ConfigConnString:[Name:LocalSqlServer]-[ConnectionString:data source=.\SQLEXPRESS;Integrated Security=SSPI;AttachDBFilename=|DataDirectory|aspnetdb.mdf;User Instance=true]-[ProviderName:System.Data.SqlClient]
ConfigConnString:[Name:ConnStringOfAchuan]-[ConnectionString:Data Source=127.0.0.1;Initial Catalog=WYC;uid=sa;pwd=Vancl@123;Pooling=true;Max Pool Size=600;Connection Timeout=120]-[ProviderName:]

2015-08-29 21:55:13,954 [44] INFO  ConnectionStringLog [(null)] - ConnectionStringUtil not be initional, init it.
2015-08-29 21:55:14,022 [44] INFO  ConnectionStringLog [(null)] - 第1次获取连接字符串开始...
2015-08-29 21:55:14,026 [44] INFO  ConnectionStringLog [(null)] - [ConnectionStringFactory] Create ConnectionStrings by Creator:AC.Data.ConnString.Config.ConnStringCreatorOfConfig
2015-08-29 21:55:14,031 [44] INFO  ConnectionStringLog [(null)] - 配置文件的[connectionStrings]配置节中共有字符串数量：2.
ConfigConnString:ConfigConnString:[Name:LocalSqlServer]-[ConnectionString:data source=.\SQLEXPRESS;Integrated Security=SSPI;AttachDBFilename=|DataDirectory|aspnetdb.mdf;User Instance=true]-[ProviderName:System.Data.SqlClient]
ConfigConnString:ConfigConnString:[Name:ConnStringOfAchuan]-[ConnectionString:Data Source=127.0.0.1;Initial Catalog=WYC;uid=sa;pwd=Vancl@123;Pooling=true;Max Pool Size=600;Connection Timeout=120]-[ProviderName:]

2015-08-29 21:55:14,032 [44] INFO  ConnectionStringLog [(null)] - ConnectionString初始化完成，共有数据库连接字符串：2个ConfigConnString:[Name:LocalSqlServer]-[ConnectionString:data source=.\SQLEXPRESS;Integrated Security=SSPI;AttachDBFilename=|DataDirectory|aspnetdb.mdf;User Instance=true]-[ProviderName:System.Data.SqlClient]
ConfigConnString:[Name:ConnStringOfAchuan]-[ConnectionString:Data Source=127.0.0.1;Initial Catalog=WYC;uid=sa;pwd=Vancl@123;Pooling=true;Max Pool Size=600;Connection Timeout=120]-[ProviderName:]

2015-08-29 22:01:43,805 [38] INFO  ConnectionStringLog [(null)] - ConnectionStringUtil not be initional, init it.
2015-08-29 22:01:43,851 [38] INFO  ConnectionStringLog [(null)] - 第1次获取连接字符串开始...
2015-08-29 22:01:43,856 [38] INFO  ConnectionStringLog [(null)] - [ConnectionStringFactory] Create ConnectionStrings by Creator:AC.Data.ConnString.Config.ConnStringCreatorOfConfig
2015-08-29 22:01:43,860 [38] INFO  ConnectionStringLog [(null)] - 配置文件的[connectionStrings]配置节中共有字符串数量：2.
ConfigConnString:ConfigConnString:[Name:LocalSqlServer]-[ConnectionString:data source=.\SQLEXPRESS;Integrated Security=SSPI;AttachDBFilename=|DataDirectory|aspnetdb.mdf;User Instance=true]-[ProviderName:System.Data.SqlClient]
ConfigConnString:ConfigConnString:[Name:ConnStringOfAchuan]-[ConnectionString:Data Source=127.0.0.1;Initial Catalog=WYC;uid=sa;pwd=Vancl@123;Pooling=true;Max Pool Size=600;Connection Timeout=120]-[ProviderName:]

2015-08-29 22:01:43,860 [38] INFO  ConnectionStringLog [(null)] - ConnectionString初始化完成，共有数据库连接字符串：2个ConfigConnString:[Name:LocalSqlServer]-[ConnectionString:data source=.\SQLEXPRESS;Integrated Security=SSPI;AttachDBFilename=|DataDirectory|aspnetdb.mdf;User Instance=true]-[ProviderName:System.Data.SqlClient]
ConfigConnString:[Name:ConnStringOfAchuan]-[ConnectionString:Data Source=127.0.0.1;Initial Catalog=WYC;uid=sa;pwd=Vancl@123;Pooling=true;Max Pool Size=600;Connection Timeout=120]-[ProviderName:]

2015-08-29 22:02:28,729 [21] INFO  ConnectionStringLog [(null)] - ConnectionStringUtil not be initional, init it.
2015-08-29 22:02:28,779 [21] INFO  ConnectionStringLog [(null)] - 第1次获取连接字符串开始...
2015-08-29 22:02:28,786 [21] INFO  ConnectionStringLog [(null)] - [ConnectionStringFactory] Create ConnectionStrings by Creator:AC.Data.ConnString.Config.ConnStringCreatorOfConfig
2015-08-29 22:02:28,790 [21] INFO  ConnectionStringLog [(null)] - 配置文件的[connectionStrings]配置节中共有字符串数量：2.
ConfigConnString:ConfigConnString:[Name:LocalSqlServer]-[ConnectionString:data source=.\SQLEXPRESS;Integrated Security=SSPI;AttachDBFilename=|DataDirectory|aspnetdb.mdf;User Instance=true]-[ProviderName:System.Data.SqlClient]
ConfigConnString:ConfigConnString:[Name:ConnStringOfAchuan]-[ConnectionString:Data Source=127.0.0.1;Initial Catalog=WYC;uid=sa;pwd=Vancl@123;Pooling=true;Max Pool Size=600;Connection Timeout=120]-[ProviderName:]

2015-08-29 22:02:28,790 [21] INFO  ConnectionStringLog [(null)] - ConnectionString初始化完成，共有数据库连接字符串：2个ConfigConnString:[Name:LocalSqlServer]-[ConnectionString:data source=.\SQLEXPRESS;Integrated Security=SSPI;AttachDBFilename=|DataDirectory|aspnetdb.mdf;User Instance=true]-[ProviderName:System.Data.SqlClient]
ConfigConnString:[Name:ConnStringOfAchuan]-[ConnectionString:Data Source=127.0.0.1;Initial Catalog=WYC;uid=sa;pwd=Vancl@123;Pooling=true;Max Pool Size=600;Connection Timeout=120]-[ProviderName:]

2015-08-29 22:05:13,686 [23] INFO  ConnectionStringLog [(null)] - ConnectionStringUtil not be initional, init it.
2015-08-29 22:05:13,728 [23] INFO  ConnectionStringLog [(null)] - 第1次获取连接字符串开始...
2015-08-29 22:05:13,732 [23] INFO  ConnectionStringLog [(null)] - [ConnectionStringFactory] Create ConnectionStrings by Creator:AC.Data.ConnString.Config.ConnStringCreatorOfConfig
2015-08-29 22:05:13,736 [23] INFO  ConnectionStringLog [(null)] - 配置文件的[connectionStrings]配置节中共有字符串数量：2.
ConfigConnString:ConfigConnString:[Name:LocalSqlServer]-[ConnectionString:data source=.\SQLEXPRESS;Integrated Security=SSPI;AttachDBFilename=|DataDirectory|aspnetdb.mdf;User Instance=true]-[ProviderName:System.Data.SqlClient]
ConfigConnString:ConfigConnString:[Name:ConnStringOfAchuan]-[ConnectionString:Data Source=127.0.0.1;Initial Catalog=WYC;uid=sa;pwd=Vancl@123;Pooling=true;Max Pool Size=600;Connection Timeout=120]-[ProviderName:]

2015-08-29 22:05:13,737 [23] INFO  ConnectionStringLog [(null)] - ConnectionString初始化完成，共有数据库连接字符串：2个ConfigConnString:[Name:LocalSqlServer]-[ConnectionString:data source=.\SQLEXPRESS;Integrated Security=SSPI;AttachDBFilename=|DataDirectory|aspnetdb.mdf;User Instance=true]-[ProviderName:System.Data.SqlClient]
ConfigConnString:[Name:ConnStringOfAchuan]-[ConnectionString:Data Source=127.0.0.1;Initial Catalog=WYC;uid=sa;pwd=Vancl@123;Pooling=true;Max Pool Size=600;Connection Timeout=120]-[ProviderName:]

2015-08-29 22:21:25,017 [61] INFO  ConnectionStringLog [(null)] - ConnectionStringUtil not be initional, init it.
2015-08-29 22:21:25,068 [61] INFO  ConnectionStringLog [(null)] - 第1次获取连接字符串开始...
2015-08-29 22:21:25,072 [61] INFO  ConnectionStringLog [(null)] - [ConnectionStringFactory] Create ConnectionStrings by Creator:AC.Data.ConnString.Config.ConnStringCreatorOfConfig
2015-08-29 22:21:25,076 [61] INFO  ConnectionStringLog [(null)] - 配置文件的[connectionStrings]配置节中共有字符串数量：2.
ConfigConnString:ConfigConnString:[Name:LocalSqlServer]-[ConnectionString:data source=.\SQLEXPRESS;Integrated Security=SSPI;AttachDBFilename=|DataDirectory|aspnetdb.mdf;User Instance=true]-[ProviderName:System.Data.SqlClient]
ConfigConnString:ConfigConnString:[Name:ConnStringOfAchuan]-[ConnectionString:Data Source=127.0.0.1;Initial Catalog=WYC;uid=sa;pwd=Vancl@123;Pooling=true;Max Pool Size=600;Connection Timeout=120]-[ProviderName:]

2015-08-29 22:21:25,076 [61] INFO  ConnectionStringLog [(null)] - ConnectionString初始化完成，共有数据库连接字符串：2个ConfigConnString:[Name:LocalSqlServer]-[ConnectionString:data source=.\SQLEXPRESS;Integrated Security=SSPI;AttachDBFilename=|DataDirectory|aspnetdb.mdf;User Instance=true]-[ProviderName:System.Data.SqlClient]
ConfigConnString:[Name:ConnStringOfAchuan]-[ConnectionString:Data Source=127.0.0.1;Initial Catalog=WYC;uid=sa;pwd=Vancl@123;Pooling=true;Max Pool Size=600;Connection Timeout=120]-[ProviderName:]

2015-08-29 22:24:18,320 [48] INFO  ConnectionStringLog [(null)] - ConnectionStringUtil not be initional, init it.
2015-08-29 22:24:18,373 [48] INFO  ConnectionStringLog [(null)] - 第1次获取连接字符串开始...
2015-08-29 22:24:18,378 [48] INFO  ConnectionStringLog [(null)] - [ConnectionStringFactory] Create ConnectionStrings by Creator:AC.Data.ConnString.Config.ConnStringCreatorOfConfig
2015-08-29 22:24:18,381 [48] INFO  ConnectionStringLog [(null)] - 配置文件的[connectionStrings]配置节中共有字符串数量：2.
ConfigConnString:ConfigConnString:[Name:LocalSqlServer]-[ConnectionString:data source=.\SQLEXPRESS;Integrated Security=SSPI;AttachDBFilename=|DataDirectory|aspnetdb.mdf;User Instance=true]-[ProviderName:System.Data.SqlClient]
ConfigConnString:ConfigConnString:[Name:ConnStringOfAchuan]-[ConnectionString:Data Source=127.0.0.1;Initial Catalog=WYC;uid=sa;pwd=Vancl@123;Pooling=true;Max Pool Size=600;Connection Timeout=120]-[ProviderName:]

2015-08-29 22:24:18,382 [48] INFO  ConnectionStringLog [(null)] - ConnectionString初始化完成，共有数据库连接字符串：2个ConfigConnString:[Name:LocalSqlServer]-[ConnectionString:data source=.\SQLEXPRESS;Integrated Security=SSPI;AttachDBFilename=|DataDirectory|aspnetdb.mdf;User Instance=true]-[ProviderName:System.Data.SqlClient]
ConfigConnString:[Name:ConnStringOfAchuan]-[ConnectionString:Data Source=127.0.0.1;Initial Catalog=WYC;uid=sa;pwd=Vancl@123;Pooling=true;Max Pool Size=600;Connection Timeout=120]-[ProviderName:]

2015-08-29 22:26:04,793 [48] INFO  ConnectionStringLog [(null)] - ConnectionStringUtil not be initional, init it.
2015-08-29 22:26:04,839 [48] INFO  ConnectionStringLog [(null)] - 第1次获取连接字符串开始...
2015-08-29 22:26:04,843 [48] INFO  ConnectionStringLog [(null)] - [ConnectionStringFactory] Create ConnectionStrings by Creator:AC.Data.ConnString.Config.ConnStringCreatorOfConfig
2015-08-29 22:26:04,847 [48] INFO  ConnectionStringLog [(null)] - 配置文件的[connectionStrings]配置节中共有字符串数量：2.
ConfigConnString:ConfigConnString:[Name:LocalSqlServer]-[ConnectionString:data source=.\SQLEXPRESS;Integrated Security=SSPI;AttachDBFilename=|DataDirectory|aspnetdb.mdf;User Instance=true]-[ProviderName:System.Data.SqlClient]
ConfigConnString:ConfigConnString:[Name:ConnStringOfAchuan]-[ConnectionString:Data Source=127.0.0.1;Initial Catalog=WYC;uid=sa;pwd=Vancl@123;Pooling=true;Max Pool Size=600;Connection Timeout=120]-[ProviderName:]

2015-08-29 22:26:04,847 [48] INFO  ConnectionStringLog [(null)] - ConnectionString初始化完成，共有数据库连接字符串：2个ConfigConnString:[Name:LocalSqlServer]-[ConnectionString:data source=.\SQLEXPRESS;Integrated Security=SSPI;AttachDBFilename=|DataDirectory|aspnetdb.mdf;User Instance=true]-[ProviderName:System.Data.SqlClient]
ConfigConnString:[Name:ConnStringOfAchuan]-[ConnectionString:Data Source=127.0.0.1;Initial Catalog=WYC;uid=sa;pwd=Vancl@123;Pooling=true;Max Pool Size=600;Connection Timeout=120]-[ProviderName:]

2015-08-31 20:00:42,330 [7] INFO  ConnectionStringLog [(null)] - ConnectionStringUtil not be initional, init it.
2015-08-31 20:00:42,591 [7] INFO  ConnectionStringLog [(null)] - 第1次获取连接字符串开始...
2015-08-31 20:00:42,596 [7] INFO  ConnectionStringLog [(null)] - [ConnectionStringFactory] Create ConnectionStrings by Creator:AC.Data.ConnString.Config.ConnStringCreatorOfConfig
2015-08-31 20:00:42,600 [7] INFO  ConnectionStringLog [(null)] - 配置文件的[connectionStrings]配置节中共有字符串数量：2.
ConfigConnString:ConfigConnString:[Name:LocalSqlServer]-[ConnectionString:data source=.\SQLEXPRESS;Integrated Security=SSPI;AttachDBFilename=|DataDirectory|aspnetdb.mdf;User Instance=true]-[ProviderName:System.Data.SqlClient]
ConfigConnString:ConfigConnString:[Name:ConnStringOfAchuan]-[ConnectionString:Data Source=127.0.0.1;Initial Catalog=WYC;uid=sa;pwd=Vancl@123;Pooling=true;Max Pool Size=600;Connection Timeout=120]-[ProviderName:]

2015-08-31 20:00:42,601 [7] INFO  ConnectionStringLog [(null)] - ConnectionString初始化完成，共有数据库连接字符串：2个ConfigConnString:[Name:LocalSqlServer]-[ConnectionString:data source=.\SQLEXPRESS;Integrated Security=SSPI;AttachDBFilename=|DataDirectory|aspnetdb.mdf;User Instance=true]-[ProviderName:System.Data.SqlClient]
ConfigConnString:[Name:ConnStringOfAchuan]-[ConnectionString:Data Source=127.0.0.1;Initial Catalog=WYC;uid=sa;pwd=Vancl@123;Pooling=true;Max Pool Size=600;Connection Timeout=120]-[ProviderName:]

2015-08-31 20:05:05,969 [22] INFO  ConnectionStringLog [(null)] - ConnectionStringUtil not be initional, init it.
2015-08-31 20:05:06,016 [22] INFO  ConnectionStringLog [(null)] - 第1次获取连接字符串开始...
2015-08-31 20:05:06,022 [22] INFO  ConnectionStringLog [(null)] - [ConnectionStringFactory] Create ConnectionStrings by Creator:AC.Data.ConnString.Config.ConnStringCreatorOfConfig
2015-08-31 20:05:06,029 [22] INFO  ConnectionStringLog [(null)] - 配置文件的[connectionStrings]配置节中共有字符串数量：2.
ConfigConnString:ConfigConnString:[Name:LocalSqlServer]-[ConnectionString:data source=.\SQLEXPRESS;Integrated Security=SSPI;AttachDBFilename=|DataDirectory|aspnetdb.mdf;User Instance=true]-[ProviderName:System.Data.SqlClient]
ConfigConnString:ConfigConnString:[Name:ConnStringOfAchuan]-[ConnectionString:Data Source=127.0.0.1;Initial Catalog=WYC;uid=sa;pwd=Vancl@123;Pooling=true;Max Pool Size=600;Connection Timeout=120]-[ProviderName:]

2015-08-31 20:05:06,030 [22] INFO  ConnectionStringLog [(null)] - ConnectionString初始化完成，共有数据库连接字符串：2个ConfigConnString:[Name:LocalSqlServer]-[ConnectionString:data source=.\SQLEXPRESS;Integrated Security=SSPI;AttachDBFilename=|DataDirectory|aspnetdb.mdf;User Instance=true]-[ProviderName:System.Data.SqlClient]
ConfigConnString:[Name:ConnStringOfAchuan]-[ConnectionString:Data Source=127.0.0.1;Initial Catalog=WYC;uid=sa;pwd=Vancl@123;Pooling=true;Max Pool Size=600;Connection Timeout=120]-[ProviderName:]

2015-08-31 20:10:43,134 [25] INFO  ConnectionStringLog [(null)] - ConnectionStringUtil not be initional, init it.
2015-08-31 20:10:43,190 [25] INFO  ConnectionStringLog [(null)] - 第1次获取连接字符串开始...
2015-08-31 20:10:43,195 [25] INFO  ConnectionStringLog [(null)] - [ConnectionStringFactory] Create ConnectionStrings by Creator:AC.Data.ConnString.Config.ConnStringCreatorOfConfig
2015-08-31 20:10:43,199 [25] INFO  ConnectionStringLog [(null)] - 配置文件的[connectionStrings]配置节中共有字符串数量：2.
ConfigConnString:ConfigConnString:[Name:LocalSqlServer]-[ConnectionString:data source=.\SQLEXPRESS;Integrated Security=SSPI;AttachDBFilename=|DataDirectory|aspnetdb.mdf;User Instance=true]-[ProviderName:System.Data.SqlClient]
ConfigConnString:ConfigConnString:[Name:ConnStringOfAchuan]-[ConnectionString:Data Source=127.0.0.1;Initial Catalog=WYC;uid=sa;pwd=Vancl@123;Pooling=true;Max Pool Size=600;Connection Timeout=120]-[ProviderName:]

2015-08-31 20:10:43,200 [25] INFO  ConnectionStringLog [(null)] - ConnectionString初始化完成，共有数据库连接字符串：2个ConfigConnString:[Name:LocalSqlServer]-[ConnectionString:data source=.\SQLEXPRESS;Integrated Security=SSPI;AttachDBFilename=|DataDirectory|aspnetdb.mdf;User Instance=true]-[ProviderName:System.Data.SqlClient]
ConfigConnString:[Name:ConnStringOfAchuan]-[ConnectionString:Data Source=127.0.0.1;Initial Catalog=WYC;uid=sa;pwd=Vancl@123;Pooling=true;Max Pool Size=600;Connection Timeout=120]-[ProviderName:]

2015-09-02 11:29:53,380 [15] INFO  ConnectionStringLog [(null)] - ConnectionStringUtil not be initional, init it.
2015-09-02 11:29:53,610 [15] INFO  ConnectionStringLog [(null)] - 第1次获取连接字符串开始...
2015-09-02 11:29:53,621 [15] INFO  ConnectionStringLog [(null)] - [ConnectionStringFactory] Create ConnectionStrings by Creator:AC.Data.ConnString.Config.ConnStringCreatorOfConfig
2015-09-02 11:29:53,628 [15] INFO  ConnectionStringLog [(null)] - 配置文件的[connectionStrings]配置节中共有字符串数量：2.
ConfigConnString:ConfigConnString:[Name:LocalSqlServer]-[ConnectionString:data source=.\SQLEXPRESS;Integrated Security=SSPI;AttachDBFilename=|DataDirectory|aspnetdb.mdf;User Instance=true]-[ProviderName:System.Data.SqlClient]
ConfigConnString:ConfigConnString:[Name:ConnStringOfAchuan]-[ConnectionString:Data Source=127.0.0.1;Initial Catalog=WYC;uid=sa;pwd=Vancl@123;Pooling=true;Max Pool Size=600;Connection Timeout=120]-[ProviderName:]

2015-09-02 11:29:53,629 [15] INFO  ConnectionStringLog [(null)] - ConnectionString初始化完成，共有数据库连接字符串：2个ConfigConnString:[Name:LocalSqlServer]-[ConnectionString:data source=.\SQLEXPRESS;Integrated Security=SSPI;AttachDBFilename=|DataDirectory|aspnetdb.mdf;User Instance=true]-[ProviderName:System.Data.SqlClient]
ConfigConnString:[Name:ConnStringOfAchuan]-[ConnectionString:Data Source=127.0.0.1;Initial Catalog=WYC;uid=sa;pwd=Vancl@123;Pooling=true;Max Pool Size=600;Connection Timeout=120]-[ProviderName:]

2015-09-02 12:25:48,170 [7] INFO  ConnectionStringLog [(null)] - ConnectionStringUtil not be initional, init it.
2015-09-02 12:25:48,222 [7] INFO  ConnectionStringLog [(null)] - 第1次获取连接字符串开始...
2015-09-02 12:25:48,228 [7] INFO  ConnectionStringLog [(null)] - [ConnectionStringFactory] Create ConnectionStrings by Creator:AC.Data.ConnString.Config.ConnStringCreatorOfConfig
2015-09-02 12:25:48,232 [7] INFO  ConnectionStringLog [(null)] - 配置文件的[connectionStrings]配置节中共有字符串数量：2.
ConfigConnString:ConfigConnString:[Name:LocalSqlServer]-[ConnectionString:data source=.\SQLEXPRESS;Integrated Security=SSPI;AttachDBFilename=|DataDirectory|aspnetdb.mdf;User Instance=true]-[ProviderName:System.Data.SqlClient]
ConfigConnString:ConfigConnString:[Name:ConnStringOfAchuan]-[ConnectionString:Data Source=127.0.0.1;Initial Catalog=WYC;uid=sa;pwd=Vancl@123;Pooling=true;Max Pool Size=600;Connection Timeout=120]-[ProviderName:]

2015-09-02 12:25:48,233 [7] INFO  ConnectionStringLog [(null)] - ConnectionString初始化完成，共有数据库连接字符串：2个ConfigConnString:[Name:LocalSqlServer]-[ConnectionString:data source=.\SQLEXPRESS;Integrated Security=SSPI;AttachDBFilename=|DataDirectory|aspnetdb.mdf;User Instance=true]-[ProviderName:System.Data.SqlClient]
ConfigConnString:[Name:ConnStringOfAchuan]-[ConnectionString:Data Source=127.0.0.1;Initial Catalog=WYC;uid=sa;pwd=Vancl@123;Pooling=true;Max Pool Size=600;Connection Timeout=120]-[ProviderName:]

2015-09-02 12:49:21,564 [7] INFO  ConnectionStringLog [(null)] - ConnectionStringUtil not be initional, init it.
2015-09-02 12:49:21,600 [7] INFO  ConnectionStringLog [(null)] - 第1次获取连接字符串开始...
2015-09-02 12:49:21,601 [7] INFO  ConnectionStringLog [(null)] - [ConnectionStringFactory] Create ConnectionStrings by Creator:AC.Data.ConnString.Config.ConnStringCreatorOfConfig
2015-09-02 12:49:21,602 [7] INFO  ConnectionStringLog [(null)] - 配置文件的[connectionStrings]配置节中共有字符串数量：2.
ConfigConnString:ConfigConnString:[Name:LocalSqlServer]-[ConnectionString:data source=.\SQLEXPRESS;Integrated Security=SSPI;AttachDBFilename=|DataDirectory|aspnetdb.mdf;User Instance=true]-[ProviderName:System.Data.SqlClient]
ConfigConnString:ConfigConnString:[Name:ConnStringOfAchuan]-[ConnectionString:Data Source=127.0.0.1;Initial Catalog=WYC;uid=sa;pwd=Vancl@123;Pooling=true;Max Pool Size=600;Connection Timeout=120]-[ProviderName:]

2015-09-02 12:49:21,602 [7] INFO  ConnectionStringLog [(null)] - ConnectionString初始化完成，共有数据库连接字符串：2个ConfigConnString:[Name:LocalSqlServer]-[ConnectionString:data source=.\SQLEXPRESS;Integrated Security=SSPI;AttachDBFilename=|DataDirectory|aspnetdb.mdf;User Instance=true]-[ProviderName:System.Data.SqlClient]
ConfigConnString:[Name:ConnStringOfAchuan]-[ConnectionString:Data Source=127.0.0.1;Initial Catalog=WYC;uid=sa;pwd=Vancl@123;Pooling=true;Max Pool Size=600;Connection Timeout=120]-[ProviderName:]

2015-09-02 13:24:58,378 [38] INFO  ConnectionStringLog [(null)] - ConnectionStringUtil not be initional, init it.
2015-09-02 13:24:58,467 [38] INFO  ConnectionStringLog [(null)] - 第1次获取连接字符串开始...
2015-09-02 13:24:58,467 [38] INFO  ConnectionStringLog [(null)] - [ConnectionStringFactory] Create ConnectionStrings by Creator:AC.Data.ConnString.Config.ConnStringCreatorOfConfig
2015-09-02 13:24:58,468 [38] INFO  ConnectionStringLog [(null)] - 配置文件的[connectionStrings]配置节中共有字符串数量：2.
ConfigConnString:ConfigConnString:[Name:LocalSqlServer]-[ConnectionString:data source=.\SQLEXPRESS;Integrated Security=SSPI;AttachDBFilename=|DataDirectory|aspnetdb.mdf;User Instance=true]-[ProviderName:System.Data.SqlClient]
ConfigConnString:ConfigConnString:[Name:ConnStringOfAchuan]-[ConnectionString:Data Source=127.0.0.1;Initial Catalog=WYC;uid=sa;pwd=Vancl@123;Pooling=true;Max Pool Size=600;Connection Timeout=120]-[ProviderName:]

2015-09-02 13:24:58,470 [38] INFO  ConnectionStringLog [(null)] - ConnectionString初始化完成，共有数据库连接字符串：2个ConfigConnString:[Name:LocalSqlServer]-[ConnectionString:data source=.\SQLEXPRESS;Integrated Security=SSPI;AttachDBFilename=|DataDirectory|aspnetdb.mdf;User Instance=true]-[ProviderName:System.Data.SqlClient]
ConfigConnString:[Name:ConnStringOfAchuan]-[ConnectionString:Data Source=127.0.0.1;Initial Catalog=WYC;uid=sa;pwd=Vancl@123;Pooling=true;Max Pool Size=600;Connection Timeout=120]-[ProviderName:]

2015-09-07 15:14:26,247 [9] INFO  ConnectionStringLog [(null)] - ConnectionStringUtil not be initional, init it.
2015-09-07 15:14:26,470 [9] INFO  ConnectionStringLog [(null)] - 第1次获取连接字符串开始...
2015-09-07 15:14:26,474 [9] INFO  ConnectionStringLog [(null)] - [ConnectionStringFactory] Create ConnectionStrings by Creator:AC.Data.ConnString.Config.ConnStringCreatorOfConfig
2015-09-07 15:14:26,477 [9] INFO  ConnectionStringLog [(null)] - 配置文件的[connectionStrings]配置节中共有字符串数量：2.
ConfigConnString:ConfigConnString:[Name:LocalSqlServer]-[ConnectionString:data source=.\SQLEXPRESS;Integrated Security=SSPI;AttachDBFilename=|DataDirectory|aspnetdb.mdf;User Instance=true]-[ProviderName:System.Data.SqlClient]
ConfigConnString:ConfigConnString:[Name:ConnStringOfAchuan]-[ConnectionString:Data Source=127.0.0.1;Initial Catalog=WYC;uid=sa;pwd=Vancl@123;Pooling=true;Max Pool Size=600;Connection Timeout=120]-[ProviderName:]

2015-09-07 15:14:26,478 [9] INFO  ConnectionStringLog [(null)] - ConnectionString初始化完成，共有数据库连接字符串：2个ConfigConnString:[Name:LocalSqlServer]-[ConnectionString:data source=.\SQLEXPRESS;Integrated Security=SSPI;AttachDBFilename=|DataDirectory|aspnetdb.mdf;User Instance=true]-[ProviderName:System.Data.SqlClient]
ConfigConnString:[Name:ConnStringOfAchuan]-[ConnectionString:Data Source=127.0.0.1;Initial Catalog=WYC;uid=sa;pwd=Vancl@123;Pooling=true;Max Pool Size=600;Connection Timeout=120]-[ProviderName:]

2015-09-07 17:42:55,304 [7] INFO  ConnectionStringLog [(null)] - ConnectionStringUtil not be initional, init it.
2015-09-07 17:42:55,351 [7] INFO  ConnectionStringLog [(null)] - 第1次获取连接字符串开始...
2015-09-07 17:42:55,356 [7] INFO  ConnectionStringLog [(null)] - [ConnectionStringFactory] Create ConnectionStrings by Creator:AC.Data.ConnString.Config.ConnStringCreatorOfConfig
2015-09-07 17:42:55,359 [7] INFO  ConnectionStringLog [(null)] - 配置文件的[connectionStrings]配置节中共有字符串数量：2.
ConfigConnString:ConfigConnString:[Name:LocalSqlServer]-[ConnectionString:data source=.\SQLEXPRESS;Integrated Security=SSPI;AttachDBFilename=|DataDirectory|aspnetdb.mdf;User Instance=true]-[ProviderName:System.Data.SqlClient]
ConfigConnString:ConfigConnString:[Name:ConnStringOfAchuan]-[ConnectionString:Data Source=127.0.0.1;Initial Catalog=WYC;uid=sa;pwd=Vancl@123;Pooling=true;Max Pool Size=600;Connection Timeout=120]-[ProviderName:]

2015-09-07 17:42:55,360 [7] INFO  ConnectionStringLog [(null)] - ConnectionString初始化完成，共有数据库连接字符串：2个ConfigConnString:[Name:LocalSqlServer]-[ConnectionString:data source=.\SQLEXPRESS;Integrated Security=SSPI;AttachDBFilename=|DataDirectory|aspnetdb.mdf;User Instance=true]-[ProviderName:System.Data.SqlClient]
ConfigConnString:[Name:ConnStringOfAchuan]-[ConnectionString:Data Source=127.0.0.1;Initial Catalog=WYC;uid=sa;pwd=Vancl@123;Pooling=true;Max Pool Size=600;Connection Timeout=120]-[ProviderName:]

2015-09-08 10:56:46,633 [11] INFO  ConnectionStringLog [(null)] - ConnectionStringUtil not be initional, init it.
2015-09-08 10:56:46,814 [11] INFO  ConnectionStringLog [(null)] - 第1次获取连接字符串开始...
2015-09-08 10:56:46,825 [11] INFO  ConnectionStringLog [(null)] - [ConnectionStringFactory] Create ConnectionStrings by Creator:AC.Data.ConnString.Config.ConnStringCreatorOfConfig
2015-09-08 10:56:46,831 [11] INFO  ConnectionStringLog [(null)] - 配置文件的[connectionStrings]配置节中共有字符串数量：2.
ConfigConnString:ConfigConnString:[Name:LocalSqlServer]-[ConnectionString:data source=.\SQLEXPRESS;Integrated Security=SSPI;AttachDBFilename=|DataDirectory|aspnetdb.mdf;User Instance=true]-[ProviderName:System.Data.SqlClient]
ConfigConnString:ConfigConnString:[Name:ConnStringOfAchuan]-[ConnectionString:Data Source=127.0.0.1;Initial Catalog=WYC;uid=sa;pwd=Vancl@123;Pooling=true;Max Pool Size=600;Connection Timeout=120]-[ProviderName:]

2015-09-08 10:56:46,832 [11] INFO  ConnectionStringLog [(null)] - ConnectionString初始化完成，共有数据库连接字符串：2个ConfigConnString:[Name:LocalSqlServer]-[ConnectionString:data source=.\SQLEXPRESS;Integrated Security=SSPI;AttachDBFilename=|DataDirectory|aspnetdb.mdf;User Instance=true]-[ProviderName:System.Data.SqlClient]
ConfigConnString:[Name:ConnStringOfAchuan]-[ConnectionString:Data Source=127.0.0.1;Initial Catalog=WYC;uid=sa;pwd=Vancl@123;Pooling=true;Max Pool Size=600;Connection Timeout=120]-[ProviderName:]

2015-09-08 16:38:06,096 [7] INFO  ConnectionStringLog [(null)] - ConnectionStringUtil not be initional, init it.
2015-09-08 16:38:06,218 [7] INFO  ConnectionStringLog [(null)] - 第1次获取连接字符串开始...
2015-09-08 16:38:06,222 [7] INFO  ConnectionStringLog [(null)] - [ConnectionStringFactory] Create ConnectionStrings by Creator:AC.Data.ConnString.Config.ConnStringCreatorOfConfig
2015-09-08 16:38:06,226 [7] INFO  ConnectionStringLog [(null)] - 配置文件的[connectionStrings]配置节中共有字符串数量：2.
ConfigConnString:ConfigConnString:[Name:LocalSqlServer]-[ConnectionString:data source=.\SQLEXPRESS;Integrated Security=SSPI;AttachDBFilename=|DataDirectory|aspnetdb.mdf;User Instance=true]-[ProviderName:System.Data.SqlClient]
ConfigConnString:ConfigConnString:[Name:ConnStringOfAchuan]-[ConnectionString:Data Source=127.0.0.1;Initial Catalog=WYC;uid=sa;pwd=Vancl@123;Pooling=true;Max Pool Size=600;Connection Timeout=120]-[ProviderName:]

2015-09-08 16:38:06,226 [7] INFO  ConnectionStringLog [(null)] - ConnectionString初始化完成，共有数据库连接字符串：2个ConfigConnString:[Name:LocalSqlServer]-[ConnectionString:data source=.\SQLEXPRESS;Integrated Security=SSPI;AttachDBFilename=|DataDirectory|aspnetdb.mdf;User Instance=true]-[ProviderName:System.Data.SqlClient]
ConfigConnString:[Name:ConnStringOfAchuan]-[ConnectionString:Data Source=127.0.0.1;Initial Catalog=WYC;uid=sa;pwd=Vancl@123;Pooling=true;Max Pool Size=600;Connection Timeout=120]-[ProviderName:]

2015-09-08 17:39:11,641 [60] INFO  ConnectionStringLog [(null)] - ConnectionStringUtil not be initional, init it.
2015-09-08 17:39:11,733 [60] INFO  ConnectionStringLog [(null)] - 第1次获取连接字符串开始...
2015-09-08 17:39:11,737 [60] INFO  ConnectionStringLog [(null)] - [ConnectionStringFactory] Create ConnectionStrings by Creator:AC.Data.ConnString.Config.ConnStringCreatorOfConfig
2015-09-08 17:39:11,741 [60] INFO  ConnectionStringLog [(null)] - 配置文件的[connectionStrings]配置节中共有字符串数量：2.
ConfigConnString:ConfigConnString:[Name:LocalSqlServer]-[ConnectionString:data source=.\SQLEXPRESS;Integrated Security=SSPI;AttachDBFilename=|DataDirectory|aspnetdb.mdf;User Instance=true]-[ProviderName:System.Data.SqlClient]
ConfigConnString:ConfigConnString:[Name:ConnStringOfAchuan]-[ConnectionString:Data Source=127.0.0.1;Initial Catalog=WYC;uid=sa;pwd=Vancl@123;Pooling=true;Max Pool Size=600;Connection Timeout=120]-[ProviderName:]

2015-09-08 17:39:11,742 [60] INFO  ConnectionStringLog [(null)] - ConnectionString初始化完成，共有数据库连接字符串：2个ConfigConnString:[Name:LocalSqlServer]-[ConnectionString:data source=.\SQLEXPRESS;Integrated Security=SSPI;AttachDBFilename=|DataDirectory|aspnetdb.mdf;User Instance=true]-[ProviderName:System.Data.SqlClient]
ConfigConnString:[Name:ConnStringOfAchuan]-[ConnectionString:Data Source=127.0.0.1;Initial Catalog=WYC;uid=sa;pwd=Vancl@123;Pooling=true;Max Pool Size=600;Connection Timeout=120]-[ProviderName:]

2015-09-08 17:45:59,284 [46] INFO  ConnectionStringLog [(null)] - ConnectionStringUtil not be initional, init it.
2015-09-08 17:45:59,344 [46] INFO  ConnectionStringLog [(null)] - 第1次获取连接字符串开始...
2015-09-08 17:45:59,349 [46] INFO  ConnectionStringLog [(null)] - [ConnectionStringFactory] Create ConnectionStrings by Creator:AC.Data.ConnString.Config.ConnStringCreatorOfConfig
2015-09-08 17:45:59,352 [46] INFO  ConnectionStringLog [(null)] - 配置文件的[connectionStrings]配置节中共有字符串数量：2.
ConfigConnString:ConfigConnString:[Name:LocalSqlServer]-[ConnectionString:data source=.\SQLEXPRESS;Integrated Security=SSPI;AttachDBFilename=|DataDirectory|aspnetdb.mdf;User Instance=true]-[ProviderName:System.Data.SqlClient]
ConfigConnString:ConfigConnString:[Name:ConnStringOfAchuan]-[ConnectionString:Data Source=127.0.0.1;Initial Catalog=WYC;uid=sa;pwd=Vancl@123;Pooling=true;Max Pool Size=600;Connection Timeout=120]-[ProviderName:]

2015-09-08 17:45:59,353 [46] INFO  ConnectionStringLog [(null)] - ConnectionString初始化完成，共有数据库连接字符串：2个ConfigConnString:[Name:LocalSqlServer]-[ConnectionString:data source=.\SQLEXPRESS;Integrated Security=SSPI;AttachDBFilename=|DataDirectory|aspnetdb.mdf;User Instance=true]-[ProviderName:System.Data.SqlClient]
ConfigConnString:[Name:ConnStringOfAchuan]-[ConnectionString:Data Source=127.0.0.1;Initial Catalog=WYC;uid=sa;pwd=Vancl@123;Pooling=true;Max Pool Size=600;Connection Timeout=120]-[ProviderName:]

2015-09-08 17:49:38,026 [58] INFO  ConnectionStringLog [(null)] - ConnectionStringUtil not be initional, init it.
2015-09-08 17:49:38,097 [58] INFO  ConnectionStringLog [(null)] - 第1次获取连接字符串开始...
2015-09-08 17:49:38,104 [58] INFO  ConnectionStringLog [(null)] - [ConnectionStringFactory] Create ConnectionStrings by Creator:AC.Data.ConnString.Config.ConnStringCreatorOfConfig
2015-09-08 17:49:38,108 [58] INFO  ConnectionStringLog [(null)] - 配置文件的[connectionStrings]配置节中共有字符串数量：2.
ConfigConnString:ConfigConnString:[Name:LocalSqlServer]-[ConnectionString:data source=.\SQLEXPRESS;Integrated Security=SSPI;AttachDBFilename=|DataDirectory|aspnetdb.mdf;User Instance=true]-[ProviderName:System.Data.SqlClient]
ConfigConnString:ConfigConnString:[Name:ConnStringOfAchuan]-[ConnectionString:Data Source=127.0.0.1;Initial Catalog=WYC;uid=sa;pwd=Vancl@123;Pooling=true;Max Pool Size=600;Connection Timeout=120]-[ProviderName:]

2015-09-08 17:49:38,109 [58] INFO  ConnectionStringLog [(null)] - ConnectionString初始化完成，共有数据库连接字符串：2个ConfigConnString:[Name:LocalSqlServer]-[ConnectionString:data source=.\SQLEXPRESS;Integrated Security=SSPI;AttachDBFilename=|DataDirectory|aspnetdb.mdf;User Instance=true]-[ProviderName:System.Data.SqlClient]
ConfigConnString:[Name:ConnStringOfAchuan]-[ConnectionString:Data Source=127.0.0.1;Initial Catalog=WYC;uid=sa;pwd=Vancl@123;Pooling=true;Max Pool Size=600;Connection Timeout=120]-[ProviderName:]

2015-09-08 17:53:11,885 [51] INFO  ConnectionStringLog [(null)] - ConnectionStringUtil not be initional, init it.
2015-09-08 17:53:11,975 [51] INFO  ConnectionStringLog [(null)] - 第1次获取连接字符串开始...
2015-09-08 17:53:11,980 [51] INFO  ConnectionStringLog [(null)] - [ConnectionStringFactory] Create ConnectionStrings by Creator:AC.Data.ConnString.Config.ConnStringCreatorOfConfig
2015-09-08 17:53:11,984 [51] INFO  ConnectionStringLog [(null)] - 配置文件的[connectionStrings]配置节中共有字符串数量：2.
ConfigConnString:ConfigConnString:[Name:LocalSqlServer]-[ConnectionString:data source=.\SQLEXPRESS;Integrated Security=SSPI;AttachDBFilename=|DataDirectory|aspnetdb.mdf;User Instance=true]-[ProviderName:System.Data.SqlClient]
ConfigConnString:ConfigConnString:[Name:ConnStringOfAchuan]-[ConnectionString:Data Source=127.0.0.1;Initial Catalog=WYC;uid=sa;pwd=Vancl@123;Pooling=true;Max Pool Size=600;Connection Timeout=120]-[ProviderName:]

2015-09-08 17:53:11,984 [51] INFO  ConnectionStringLog [(null)] - ConnectionString初始化完成，共有数据库连接字符串：2个ConfigConnString:[Name:LocalSqlServer]-[ConnectionString:data source=.\SQLEXPRESS;Integrated Security=SSPI;AttachDBFilename=|DataDirectory|aspnetdb.mdf;User Instance=true]-[ProviderName:System.Data.SqlClient]
ConfigConnString:[Name:ConnStringOfAchuan]-[ConnectionString:Data Source=127.0.0.1;Initial Catalog=WYC;uid=sa;pwd=Vancl@123;Pooling=true;Max Pool Size=600;Connection Timeout=120]-[ProviderName:]

2015-09-09 14:26:36,009 [7] INFO  ConnectionStringLog [(null)] - ConnectionStringUtil not be initional, init it.
2015-09-09 14:26:36,269 [7] INFO  ConnectionStringLog [(null)] - 第1次获取连接字符串开始...
2015-09-09 14:26:36,274 [7] INFO  ConnectionStringLog [(null)] - [ConnectionStringFactory] Create ConnectionStrings by Creator:AC.Data.ConnString.Config.ConnStringCreatorOfConfig
2015-09-09 14:26:36,278 [7] INFO  ConnectionStringLog [(null)] - 配置文件的[connectionStrings]配置节中共有字符串数量：2.
ConfigConnString:ConfigConnString:[Name:LocalSqlServer]-[ConnectionString:data source=.\SQLEXPRESS;Integrated Security=SSPI;AttachDBFilename=|DataDirectory|aspnetdb.mdf;User Instance=true]-[ProviderName:System.Data.SqlClient]
ConfigConnString:ConfigConnString:[Name:ConnStringOfAchuan]-[ConnectionString:Data Source=127.0.0.1;Initial Catalog=WYC;uid=sa;pwd=Vancl@123;Pooling=true;Max Pool Size=600;Connection Timeout=120]-[ProviderName:]

2015-09-09 14:26:36,278 [7] INFO  ConnectionStringLog [(null)] - ConnectionString初始化完成，共有数据库连接字符串：2个ConfigConnString:[Name:LocalSqlServer]-[ConnectionString:data source=.\SQLEXPRESS;Integrated Security=SSPI;AttachDBFilename=|DataDirectory|aspnetdb.mdf;User Instance=true]-[ProviderName:System.Data.SqlClient]
ConfigConnString:[Name:ConnStringOfAchuan]-[ConnectionString:Data Source=127.0.0.1;Initial Catalog=WYC;uid=sa;pwd=Vancl@123;Pooling=true;Max Pool Size=600;Connection Timeout=120]-[ProviderName:]

2015-09-09 18:02:08,406 [7] INFO  ConnectionStringLog [(null)] - ConnectionStringUtil not be initional, init it.
2015-09-09 18:02:08,406 [8] INFO  ConnectionStringLog [(null)] - ConnectionStringUtil not be initional, init it.
2015-09-09 18:02:08,473 [7] INFO  ConnectionStringLog [(null)] - 第1次获取连接字符串开始...
2015-09-09 18:02:08,478 [7] INFO  ConnectionStringLog [(null)] - [ConnectionStringFactory] Create ConnectionStrings by Creator:AC.Data.ConnString.Config.ConnStringCreatorOfConfig
2015-09-09 18:02:08,482 [7] INFO  ConnectionStringLog [(null)] - 配置文件的[connectionStrings]配置节中共有字符串数量：2.
ConfigConnString:ConfigConnString:[Name:LocalSqlServer]-[ConnectionString:data source=.\SQLEXPRESS;Integrated Security=SSPI;AttachDBFilename=|DataDirectory|aspnetdb.mdf;User Instance=true]-[ProviderName:System.Data.SqlClient]
ConfigConnString:ConfigConnString:[Name:ConnStringOfAchuan]-[ConnectionString:Data Source=127.0.0.1;Initial Catalog=WYC;uid=sa;pwd=Vancl@123;Pooling=true;Max Pool Size=600;Connection Timeout=120]-[ProviderName:]

2015-09-09 18:02:08,483 [7] INFO  ConnectionStringLog [(null)] - ConnectionString初始化完成，共有数据库连接字符串：2个ConfigConnString:[Name:LocalSqlServer]-[ConnectionString:data source=.\SQLEXPRESS;Integrated Security=SSPI;AttachDBFilename=|DataDirectory|aspnetdb.mdf;User Instance=true]-[ProviderName:System.Data.SqlClient]
ConfigConnString:[Name:ConnStringOfAchuan]-[ConnectionString:Data Source=127.0.0.1;Initial Catalog=WYC;uid=sa;pwd=Vancl@123;Pooling=true;Max Pool Size=600;Connection Timeout=120]-[ProviderName:]

2015-09-09 18:02:08,483 [8] INFO  ConnectionStringLog [(null)] - 第1次获取连接字符串开始...
2015-09-09 18:02:08,484 [8] INFO  ConnectionStringLog [(null)] - [ConnectionStringFactory] Create ConnectionStrings by Creator:AC.Data.ConnString.Config.ConnStringCreatorOfConfig
2015-09-09 18:02:08,484 [8] INFO  ConnectionStringLog [(null)] - 配置文件的[connectionStrings]配置节中共有字符串数量：2.
ConfigConnString:ConfigConnString:[Name:LocalSqlServer]-[ConnectionString:data source=.\SQLEXPRESS;Integrated Security=SSPI;AttachDBFilename=|DataDirectory|aspnetdb.mdf;User Instance=true]-[ProviderName:System.Data.SqlClient]
ConfigConnString:ConfigConnString:[Name:ConnStringOfAchuan]-[ConnectionString:Data Source=127.0.0.1;Initial Catalog=WYC;uid=sa;pwd=Vancl@123;Pooling=true;Max Pool Size=600;Connection Timeout=120]-[ProviderName:]

2015-09-09 18:02:08,484 [8] INFO  ConnectionStringLog [(null)] - ConnectionString初始化完成，共有数据库连接字符串：2个ConfigConnString:[Name:LocalSqlServer]-[ConnectionString:data source=.\SQLEXPRESS;Integrated Security=SSPI;AttachDBFilename=|DataDirectory|aspnetdb.mdf;User Instance=true]-[ProviderName:System.Data.SqlClient]
ConfigConnString:[Name:ConnStringOfAchuan]-[ConnectionString:Data Source=127.0.0.1;Initial Catalog=WYC;uid=sa;pwd=Vancl@123;Pooling=true;Max Pool Size=600;Connection Timeout=120]-[ProviderName:]

2015-09-10 10:13:40,445 [9] INFO  ConnectionStringLog [(null)] - ConnectionStringUtil not be initional, init it.
2015-09-10 10:13:40,540 [9] INFO  ConnectionStringLog [(null)] - 第1次获取连接字符串开始...
2015-09-10 10:13:40,545 [9] INFO  ConnectionStringLog [(null)] - [ConnectionStringFactory] Create ConnectionStrings by Creator:AC.Data.ConnString.Config.ConnStringCreatorOfConfig
2015-09-10 10:13:40,548 [9] INFO  ConnectionStringLog [(null)] - 配置文件的[connectionStrings]配置节中共有字符串数量：2.
ConfigConnString:ConfigConnString:[Name:LocalSqlServer]-[ConnectionString:data source=.\SQLEXPRESS;Integrated Security=SSPI;AttachDBFilename=|DataDirectory|aspnetdb.mdf;User Instance=true]-[ProviderName:System.Data.SqlClient]
ConfigConnString:ConfigConnString:[Name:ConnStringOfAchuan]-[ConnectionString:Data Source=127.0.0.1;Initial Catalog=WYC;uid=sa;pwd=Vancl@123;Pooling=true;Max Pool Size=600;Connection Timeout=120]-[ProviderName:]

2015-09-10 10:13:40,549 [9] INFO  ConnectionStringLog [(null)] - ConnectionString初始化完成，共有数据库连接字符串：2个ConfigConnString:[Name:LocalSqlServer]-[ConnectionString:data source=.\SQLEXPRESS;Integrated Security=SSPI;AttachDBFilename=|DataDirectory|aspnetdb.mdf;User Instance=true]-[ProviderName:System.Data.SqlClient]
ConfigConnString:[Name:ConnStringOfAchuan]-[ConnectionString:Data Source=127.0.0.1;Initial Catalog=WYC;uid=sa;pwd=Vancl@123;Pooling=true;Max Pool Size=600;Connection Timeout=120]-[ProviderName:]

2015-09-10 11:02:37,426 [52] INFO  ConnectionStringLog [(null)] - ConnectionStringUtil not be initional, init it.
2015-09-10 11:02:37,511 [52] INFO  ConnectionStringLog [(null)] - 第1次获取连接字符串开始...
2015-09-10 11:02:37,516 [52] INFO  ConnectionStringLog [(null)] - [ConnectionStringFactory] Create ConnectionStrings by Creator:AC.Data.ConnString.Config.ConnStringCreatorOfConfig
2015-09-10 11:02:37,520 [52] INFO  ConnectionStringLog [(null)] - 配置文件的[connectionStrings]配置节中共有字符串数量：2.
ConfigConnString:ConfigConnString:[Name:LocalSqlServer]-[ConnectionString:data source=.\SQLEXPRESS;Integrated Security=SSPI;AttachDBFilename=|DataDirectory|aspnetdb.mdf;User Instance=true]-[ProviderName:System.Data.SqlClient]
ConfigConnString:ConfigConnString:[Name:ConnStringOfAchuan]-[ConnectionString:Data Source=127.0.0.1;Initial Catalog=WYC;uid=sa;pwd=Vancl@123;Pooling=true;Max Pool Size=600;Connection Timeout=120]-[ProviderName:]

2015-09-10 11:02:37,521 [52] INFO  ConnectionStringLog [(null)] - ConnectionString初始化完成，共有数据库连接字符串：2个ConfigConnString:[Name:LocalSqlServer]-[ConnectionString:data source=.\SQLEXPRESS;Integrated Security=SSPI;AttachDBFilename=|DataDirectory|aspnetdb.mdf;User Instance=true]-[ProviderName:System.Data.SqlClient]
ConfigConnString:[Name:ConnStringOfAchuan]-[ConnectionString:Data Source=127.0.0.1;Initial Catalog=WYC;uid=sa;pwd=Vancl@123;Pooling=true;Max Pool Size=600;Connection Timeout=120]-[ProviderName:]

2015-09-10 11:04:40,966 [43] INFO  ConnectionStringLog [(null)] - ConnectionStringUtil not be initional, init it.
2015-09-10 11:04:41,107 [43] INFO  ConnectionStringLog [(null)] - 第1次获取连接字符串开始...
2015-09-10 11:04:41,119 [43] INFO  ConnectionStringLog [(null)] - [ConnectionStringFactory] Create ConnectionStrings by Creator:AC.Data.ConnString.Config.ConnStringCreatorOfConfig
2015-09-10 11:04:41,126 [43] INFO  ConnectionStringLog [(null)] - 配置文件的[connectionStrings]配置节中共有字符串数量：2.
ConfigConnString:ConfigConnString:[Name:LocalSqlServer]-[ConnectionString:data source=.\SQLEXPRESS;Integrated Security=SSPI;AttachDBFilename=|DataDirectory|aspnetdb.mdf;User Instance=true]-[ProviderName:System.Data.SqlClient]
ConfigConnString:ConfigConnString:[Name:ConnStringOfAchuan]-[ConnectionString:Data Source=127.0.0.1;Initial Catalog=WYC;uid=sa;pwd=Vancl@123;Pooling=true;Max Pool Size=600;Connection Timeout=120]-[ProviderName:]

2015-09-10 11:04:41,128 [43] INFO  ConnectionStringLog [(null)] - ConnectionString初始化完成，共有数据库连接字符串：2个ConfigConnString:[Name:LocalSqlServer]-[ConnectionString:data source=.\SQLEXPRESS;Integrated Security=SSPI;AttachDBFilename=|DataDirectory|aspnetdb.mdf;User Instance=true]-[ProviderName:System.Data.SqlClient]
ConfigConnString:[Name:ConnStringOfAchuan]-[ConnectionString:Data Source=127.0.0.1;Initial Catalog=WYC;uid=sa;pwd=Vancl@123;Pooling=true;Max Pool Size=600;Connection Timeout=120]-[ProviderName:]

2015-09-10 11:09:40,186 [45] INFO  ConnectionStringLog [(null)] - ConnectionStringUtil not be initional, init it.
2015-09-10 11:09:40,234 [45] INFO  ConnectionStringLog [(null)] - 第1次获取连接字符串开始...
2015-09-10 11:09:40,239 [45] INFO  ConnectionStringLog [(null)] - [ConnectionStringFactory] Create ConnectionStrings by Creator:AC.Data.ConnString.Config.ConnStringCreatorOfConfig
2015-09-10 11:09:40,242 [45] INFO  ConnectionStringLog [(null)] - 配置文件的[connectionStrings]配置节中共有字符串数量：2.
ConfigConnString:ConfigConnString:[Name:LocalSqlServer]-[ConnectionString:data source=.\SQLEXPRESS;Integrated Security=SSPI;AttachDBFilename=|DataDirectory|aspnetdb.mdf;User Instance=true]-[ProviderName:System.Data.SqlClient]
ConfigConnString:ConfigConnString:[Name:ConnStringOfAchuan]-[ConnectionString:Data Source=127.0.0.1;Initial Catalog=WYC;uid=sa;pwd=Vancl@123;Pooling=true;Max Pool Size=600;Connection Timeout=120]-[ProviderName:]

2015-09-10 11:09:40,243 [45] INFO  ConnectionStringLog [(null)] - ConnectionString初始化完成，共有数据库连接字符串：2个ConfigConnString:[Name:LocalSqlServer]-[ConnectionString:data source=.\SQLEXPRESS;Integrated Security=SSPI;AttachDBFilename=|DataDirectory|aspnetdb.mdf;User Instance=true]-[ProviderName:System.Data.SqlClient]
ConfigConnString:[Name:ConnStringOfAchuan]-[ConnectionString:Data Source=127.0.0.1;Initial Catalog=WYC;uid=sa;pwd=Vancl@123;Pooling=true;Max Pool Size=600;Connection Timeout=120]-[ProviderName:]

2015-09-10 11:13:41,175 [57] INFO  ConnectionStringLog [(null)] - ConnectionStringUtil not be initional, init it.
2015-09-10 11:13:41,227 [57] INFO  ConnectionStringLog [(null)] - 第1次获取连接字符串开始...
2015-09-10 11:13:41,232 [57] INFO  ConnectionStringLog [(null)] - [ConnectionStringFactory] Create ConnectionStrings by Creator:AC.Data.ConnString.Config.ConnStringCreatorOfConfig
2015-09-10 11:13:41,235 [57] INFO  ConnectionStringLog [(null)] - 配置文件的[connectionStrings]配置节中共有字符串数量：2.
ConfigConnString:ConfigConnString:[Name:LocalSqlServer]-[ConnectionString:data source=.\SQLEXPRESS;Integrated Security=SSPI;AttachDBFilename=|DataDirectory|aspnetdb.mdf;User Instance=true]-[ProviderName:System.Data.SqlClient]
ConfigConnString:ConfigConnString:[Name:ConnStringOfAchuan]-[ConnectionString:Data Source=127.0.0.1;Initial Catalog=WYC;uid=sa;pwd=Vancl@123;Pooling=true;Max Pool Size=600;Connection Timeout=120]-[ProviderName:]

2015-09-10 11:13:41,236 [57] INFO  ConnectionStringLog [(null)] - ConnectionString初始化完成，共有数据库连接字符串：2个ConfigConnString:[Name:LocalSqlServer]-[ConnectionString:data source=.\SQLEXPRESS;Integrated Security=SSPI;AttachDBFilename=|DataDirectory|aspnetdb.mdf;User Instance=true]-[ProviderName:System.Data.SqlClient]
ConfigConnString:[Name:ConnStringOfAchuan]-[ConnectionString:Data Source=127.0.0.1;Initial Catalog=WYC;uid=sa;pwd=Vancl@123;Pooling=true;Max Pool Size=600;Connection Timeout=120]-[ProviderName:]

2015-09-10 11:26:35,107 [51] INFO  ConnectionStringLog [(null)] - ConnectionStringUtil not be initional, init it.
2015-09-10 11:26:35,157 [51] INFO  ConnectionStringLog [(null)] - 第1次获取连接字符串开始...
2015-09-10 11:26:35,162 [51] INFO  ConnectionStringLog [(null)] - [ConnectionStringFactory] Create ConnectionStrings by Creator:AC.Data.ConnString.Config.ConnStringCreatorOfConfig
2015-09-10 11:26:35,165 [51] INFO  ConnectionStringLog [(null)] - 配置文件的[connectionStrings]配置节中共有字符串数量：2.
ConfigConnString:ConfigConnString:[Name:LocalSqlServer]-[ConnectionString:data source=.\SQLEXPRESS;Integrated Security=SSPI;AttachDBFilename=|DataDirectory|aspnetdb.mdf;User Instance=true]-[ProviderName:System.Data.SqlClient]
ConfigConnString:ConfigConnString:[Name:ConnStringOfAchuan]-[ConnectionString:Data Source=127.0.0.1;Initial Catalog=WYC;uid=sa;pwd=Vancl@123;Pooling=true;Max Pool Size=600;Connection Timeout=120]-[ProviderName:]

2015-09-10 11:26:35,166 [51] INFO  ConnectionStringLog [(null)] - ConnectionString初始化完成，共有数据库连接字符串：2个ConfigConnString:[Name:LocalSqlServer]-[ConnectionString:data source=.\SQLEXPRESS;Integrated Security=SSPI;AttachDBFilename=|DataDirectory|aspnetdb.mdf;User Instance=true]-[ProviderName:System.Data.SqlClient]
ConfigConnString:[Name:ConnStringOfAchuan]-[ConnectionString:Data Source=127.0.0.1;Initial Catalog=WYC;uid=sa;pwd=Vancl@123;Pooling=true;Max Pool Size=600;Connection Timeout=120]-[ProviderName:]

2015-09-10 11:28:52,141 [55] INFO  ConnectionStringLog [(null)] - ConnectionStringUtil not be initional, init it.
2015-09-10 11:28:52,195 [55] INFO  ConnectionStringLog [(null)] - 第1次获取连接字符串开始...
2015-09-10 11:28:52,200 [55] INFO  ConnectionStringLog [(null)] - [ConnectionStringFactory] Create ConnectionStrings by Creator:AC.Data.ConnString.Config.ConnStringCreatorOfConfig
2015-09-10 11:28:52,203 [55] INFO  ConnectionStringLog [(null)] - 配置文件的[connectionStrings]配置节中共有字符串数量：2.
ConfigConnString:ConfigConnString:[Name:LocalSqlServer]-[ConnectionString:data source=.\SQLEXPRESS;Integrated Security=SSPI;AttachDBFilename=|DataDirectory|aspnetdb.mdf;User Instance=true]-[ProviderName:System.Data.SqlClient]
ConfigConnString:ConfigConnString:[Name:ConnStringOfAchuan]-[ConnectionString:Data Source=127.0.0.1;Initial Catalog=WYC;uid=sa;pwd=Vancl@123;Pooling=true;Max Pool Size=600;Connection Timeout=120]-[ProviderName:]

2015-09-10 11:28:52,204 [55] INFO  ConnectionStringLog [(null)] - ConnectionString初始化完成，共有数据库连接字符串：2个ConfigConnString:[Name:LocalSqlServer]-[ConnectionString:data source=.\SQLEXPRESS;Integrated Security=SSPI;AttachDBFilename=|DataDirectory|aspnetdb.mdf;User Instance=true]-[ProviderName:System.Data.SqlClient]
ConfigConnString:[Name:ConnStringOfAchuan]-[ConnectionString:Data Source=127.0.0.1;Initial Catalog=WYC;uid=sa;pwd=Vancl@123;Pooling=true;Max Pool Size=600;Connection Timeout=120]-[ProviderName:]

2015-09-10 18:36:52,655 [7] INFO  ConnectionStringLog [(null)] - ConnectionStringUtil not be initional, init it.
2015-09-10 18:36:52,771 [7] INFO  ConnectionStringLog [(null)] - 第1次获取连接字符串开始...
2015-09-10 18:36:52,776 [7] INFO  ConnectionStringLog [(null)] - [ConnectionStringFactory] Create ConnectionStrings by Creator:AC.Data.ConnString.Config.ConnStringCreatorOfConfig
2015-09-10 18:36:52,780 [7] INFO  ConnectionStringLog [(null)] - 配置文件的[connectionStrings]配置节中共有字符串数量：2.
ConfigConnString:ConfigConnString:[Name:LocalSqlServer]-[ConnectionString:data source=.\SQLEXPRESS;Integrated Security=SSPI;AttachDBFilename=|DataDirectory|aspnetdb.mdf;User Instance=true]-[ProviderName:System.Data.SqlClient]
ConfigConnString:ConfigConnString:[Name:ConnStringOfAchuan]-[ConnectionString:Data Source=127.0.0.1;Initial Catalog=WYC;uid=sa;pwd=Vancl@123;Pooling=true;Max Pool Size=600;Connection Timeout=120]-[ProviderName:]

2015-09-10 18:36:52,781 [7] INFO  ConnectionStringLog [(null)] - ConnectionString初始化完成，共有数据库连接字符串：2个ConfigConnString:[Name:LocalSqlServer]-[ConnectionString:data source=.\SQLEXPRESS;Integrated Security=SSPI;AttachDBFilename=|DataDirectory|aspnetdb.mdf;User Instance=true]-[ProviderName:System.Data.SqlClient]
ConfigConnString:[Name:ConnStringOfAchuan]-[ConnectionString:Data Source=127.0.0.1;Initial Catalog=WYC;uid=sa;pwd=Vancl@123;Pooling=true;Max Pool Size=600;Connection Timeout=120]-[ProviderName:]

2015-09-10 18:51:17,297 [30] INFO  ConnectionStringLog [(null)] - ConnectionStringUtil not be initional, init it.
2015-09-10 18:51:17,348 [30] INFO  ConnectionStringLog [(null)] - 第1次获取连接字符串开始...
2015-09-10 18:51:17,352 [30] INFO  ConnectionStringLog [(null)] - [ConnectionStringFactory] Create ConnectionStrings by Creator:AC.Data.ConnString.Config.ConnStringCreatorOfConfig
2015-09-10 18:51:17,355 [30] INFO  ConnectionStringLog [(null)] - 配置文件的[connectionStrings]配置节中共有字符串数量：2.
ConfigConnString:ConfigConnString:[Name:LocalSqlServer]-[ConnectionString:data source=.\SQLEXPRESS;Integrated Security=SSPI;AttachDBFilename=|DataDirectory|aspnetdb.mdf;User Instance=true]-[ProviderName:System.Data.SqlClient]
ConfigConnString:ConfigConnString:[Name:ConnStringOfAchuan]-[ConnectionString:Data Source=127.0.0.1;Initial Catalog=WYC;uid=sa;pwd=Vancl@123;Pooling=true;Max Pool Size=600;Connection Timeout=120]-[ProviderName:]

2015-09-10 18:51:17,356 [30] INFO  ConnectionStringLog [(null)] - ConnectionString初始化完成，共有数据库连接字符串：2个ConfigConnString:[Name:LocalSqlServer]-[ConnectionString:data source=.\SQLEXPRESS;Integrated Security=SSPI;AttachDBFilename=|DataDirectory|aspnetdb.mdf;User Instance=true]-[ProviderName:System.Data.SqlClient]
ConfigConnString:[Name:ConnStringOfAchuan]-[ConnectionString:Data Source=127.0.0.1;Initial Catalog=WYC;uid=sa;pwd=Vancl@123;Pooling=true;Max Pool Size=600;Connection Timeout=120]-[ProviderName:]

2015-09-11 10:41:55,197 [19] INFO  ConnectionStringLog [(null)] - ConnectionStringUtil not be initional, init it.
2015-09-11 10:41:55,430 [19] INFO  ConnectionStringLog [(null)] - 第1次获取连接字符串开始...
2015-09-11 10:41:55,435 [19] INFO  ConnectionStringLog [(null)] - [ConnectionStringFactory] Create ConnectionStrings by Creator:AC.Data.ConnString.Config.ConnStringCreatorOfConfig
2015-09-11 10:41:55,456 [19] INFO  ConnectionStringLog [(null)] - 配置文件的[connectionStrings]配置节中共有字符串数量：2.
ConfigConnString:ConfigConnString:[Name:LocalSqlServer]-[ConnectionString:data source=.\SQLEXPRESS;Integrated Security=SSPI;AttachDBFilename=|DataDirectory|aspnetdb.mdf;User Instance=true]-[ProviderName:System.Data.SqlClient]
ConfigConnString:ConfigConnString:[Name:ConnStringOfAchuan]-[ConnectionString:Data Source=127.0.0.1;Initial Catalog=WYC;uid=sa;pwd=Vancl@123;Pooling=true;Max Pool Size=600;Connection Timeout=120]-[ProviderName:]

2015-09-11 10:41:55,457 [19] INFO  ConnectionStringLog [(null)] - ConnectionString初始化完成，共有数据库连接字符串：2个ConfigConnString:[Name:LocalSqlServer]-[ConnectionString:data source=.\SQLEXPRESS;Integrated Security=SSPI;AttachDBFilename=|DataDirectory|aspnetdb.mdf;User Instance=true]-[ProviderName:System.Data.SqlClient]
ConfigConnString:[Name:ConnStringOfAchuan]-[ConnectionString:Data Source=127.0.0.1;Initial Catalog=WYC;uid=sa;pwd=Vancl@123;Pooling=true;Max Pool Size=600;Connection Timeout=120]-[ProviderName:]

2015-09-11 11:10:33,749 [7] INFO  ConnectionStringLog [(null)] - ConnectionStringUtil not be initional, init it.
2015-09-11 11:10:33,849 [7] INFO  ConnectionStringLog [(null)] - 第1次获取连接字符串开始...
2015-09-11 11:10:33,860 [7] INFO  ConnectionStringLog [(null)] - [ConnectionStringFactory] Create ConnectionStrings by Creator:AC.Data.ConnString.Config.ConnStringCreatorOfConfig
2015-09-11 11:10:33,868 [7] INFO  ConnectionStringLog [(null)] - 配置文件的[connectionStrings]配置节中共有字符串数量：2.
ConfigConnString:ConfigConnString:[Name:LocalSqlServer]-[ConnectionString:data source=.\SQLEXPRESS;Integrated Security=SSPI;AttachDBFilename=|DataDirectory|aspnetdb.mdf;User Instance=true]-[ProviderName:System.Data.SqlClient]
ConfigConnString:ConfigConnString:[Name:ConnStringOfAchuan]-[ConnectionString:Data Source=127.0.0.1;Initial Catalog=WYC;uid=sa;pwd=Vancl@123;Pooling=true;Max Pool Size=600;Connection Timeout=120]-[ProviderName:]

2015-09-11 11:10:33,869 [7] INFO  ConnectionStringLog [(null)] - ConnectionString初始化完成，共有数据库连接字符串：2个ConfigConnString:[Name:LocalSqlServer]-[ConnectionString:data source=.\SQLEXPRESS;Integrated Security=SSPI;AttachDBFilename=|DataDirectory|aspnetdb.mdf;User Instance=true]-[ProviderName:System.Data.SqlClient]
ConfigConnString:[Name:ConnStringOfAchuan]-[ConnectionString:Data Source=127.0.0.1;Initial Catalog=WYC;uid=sa;pwd=Vancl@123;Pooling=true;Max Pool Size=600;Connection Timeout=120]-[ProviderName:]

2015-09-11 11:51:34,688 [9] INFO  ConnectionStringLog [(null)] - ConnectionStringUtil not be initional, init it.
2015-09-11 11:51:34,781 [9] INFO  ConnectionStringLog [(null)] - 第1次获取连接字符串开始...
2015-09-11 11:51:34,786 [9] INFO  ConnectionStringLog [(null)] - [ConnectionStringFactory] Create ConnectionStrings by Creator:AC.Data.ConnString.Config.ConnStringCreatorOfConfig
2015-09-11 11:51:34,790 [9] INFO  ConnectionStringLog [(null)] - 配置文件的[connectionStrings]配置节中共有字符串数量：2.
ConfigConnString:ConfigConnString:[Name:LocalSqlServer]-[ConnectionString:data source=.\SQLEXPRESS;Integrated Security=SSPI;AttachDBFilename=|DataDirectory|aspnetdb.mdf;User Instance=true]-[ProviderName:System.Data.SqlClient]
ConfigConnString:ConfigConnString:[Name:ConnStringOfAchuan]-[ConnectionString:Data Source=127.0.0.1;Initial Catalog=WYC;uid=sa;pwd=Vancl@123;Pooling=true;Max Pool Size=600;Connection Timeout=120]-[ProviderName:]

2015-09-11 11:51:34,790 [9] INFO  ConnectionStringLog [(null)] - ConnectionString初始化完成，共有数据库连接字符串：2个ConfigConnString:[Name:LocalSqlServer]-[ConnectionString:data source=.\SQLEXPRESS;Integrated Security=SSPI;AttachDBFilename=|DataDirectory|aspnetdb.mdf;User Instance=true]-[ProviderName:System.Data.SqlClient]
ConfigConnString:[Name:ConnStringOfAchuan]-[ConnectionString:Data Source=127.0.0.1;Initial Catalog=WYC;uid=sa;pwd=Vancl@123;Pooling=true;Max Pool Size=600;Connection Timeout=120]-[ProviderName:]

2015-09-11 12:09:09,772 [38] INFO  ConnectionStringLog [(null)] - ConnectionStringUtil not be initional, init it.
2015-09-11 12:09:09,818 [38] INFO  ConnectionStringLog [(null)] - 第1次获取连接字符串开始...
2015-09-11 12:09:09,823 [38] INFO  ConnectionStringLog [(null)] - [ConnectionStringFactory] Create ConnectionStrings by Creator:AC.Data.ConnString.Config.ConnStringCreatorOfConfig
2015-09-11 12:09:09,826 [38] INFO  ConnectionStringLog [(null)] - 配置文件的[connectionStrings]配置节中共有字符串数量：2.
ConfigConnString:ConfigConnString:[Name:LocalSqlServer]-[ConnectionString:data source=.\SQLEXPRESS;Integrated Security=SSPI;AttachDBFilename=|DataDirectory|aspnetdb.mdf;User Instance=true]-[ProviderName:System.Data.SqlClient]
ConfigConnString:ConfigConnString:[Name:ConnStringOfAchuan]-[ConnectionString:Data Source=127.0.0.1;Initial Catalog=WYC;uid=sa;pwd=Vancl@123;Pooling=true;Max Pool Size=600;Connection Timeout=120]-[ProviderName:]

2015-09-11 12:09:09,827 [38] INFO  ConnectionStringLog [(null)] - ConnectionString初始化完成，共有数据库连接字符串：2个ConfigConnString:[Name:LocalSqlServer]-[ConnectionString:data source=.\SQLEXPRESS;Integrated Security=SSPI;AttachDBFilename=|DataDirectory|aspnetdb.mdf;User Instance=true]-[ProviderName:System.Data.SqlClient]
ConfigConnString:[Name:ConnStringOfAchuan]-[ConnectionString:Data Source=127.0.0.1;Initial Catalog=WYC;uid=sa;pwd=Vancl@123;Pooling=true;Max Pool Size=600;Connection Timeout=120]-[ProviderName:]

2015-09-11 13:20:34,849 [8] INFO  ConnectionStringLog [(null)] - ConnectionStringUtil not be initional, init it.
2015-09-11 13:20:34,895 [8] INFO  ConnectionStringLog [(null)] - 第1次获取连接字符串开始...
2015-09-11 13:20:34,899 [8] INFO  ConnectionStringLog [(null)] - [ConnectionStringFactory] Create ConnectionStrings by Creator:AC.Data.ConnString.Config.ConnStringCreatorOfConfig
2015-09-11 13:20:34,903 [8] INFO  ConnectionStringLog [(null)] - 配置文件的[connectionStrings]配置节中共有字符串数量：2.
ConfigConnString:ConfigConnString:[Name:LocalSqlServer]-[ConnectionString:data source=.\SQLEXPRESS;Integrated Security=SSPI;AttachDBFilename=|DataDirectory|aspnetdb.mdf;User Instance=true]-[ProviderName:System.Data.SqlClient]
ConfigConnString:ConfigConnString:[Name:ConnStringOfAchuan]-[ConnectionString:Data Source=127.0.0.1;Initial Catalog=WYC;uid=sa;pwd=Vancl@123;Pooling=true;Max Pool Size=600;Connection Timeout=120]-[ProviderName:]

2015-09-11 13:20:34,904 [8] INFO  ConnectionStringLog [(null)] - ConnectionString初始化完成，共有数据库连接字符串：2个ConfigConnString:[Name:LocalSqlServer]-[ConnectionString:data source=.\SQLEXPRESS;Integrated Security=SSPI;AttachDBFilename=|DataDirectory|aspnetdb.mdf;User Instance=true]-[ProviderName:System.Data.SqlClient]
ConfigConnString:[Name:ConnStringOfAchuan]-[ConnectionString:Data Source=127.0.0.1;Initial Catalog=WYC;uid=sa;pwd=Vancl@123;Pooling=true;Max Pool Size=600;Connection Timeout=120]-[ProviderName:]

2015-09-11 18:03:54,277 [21] INFO  ConnectionStringLog [(null)] - ConnectionStringUtil not be initional, init it.
2015-09-11 18:03:54,322 [21] INFO  ConnectionStringLog [(null)] - 第1次获取连接字符串开始...
2015-09-11 18:03:54,327 [21] INFO  ConnectionStringLog [(null)] - [ConnectionStringFactory] Create ConnectionStrings by Creator:AC.Data.ConnString.Config.ConnStringCreatorOfConfig
2015-09-11 18:03:54,330 [21] INFO  ConnectionStringLog [(null)] - 配置文件的[connectionStrings]配置节中共有字符串数量：2.
ConfigConnString:ConfigConnString:[Name:LocalSqlServer]-[ConnectionString:data source=.\SQLEXPRESS;Integrated Security=SSPI;AttachDBFilename=|DataDirectory|aspnetdb.mdf;User Instance=true]-[ProviderName:System.Data.SqlClient]
ConfigConnString:ConfigConnString:[Name:ConnStringOfAchuan]-[ConnectionString:Data Source=127.0.0.1;Initial Catalog=WYC;uid=sa;pwd=Vancl@123;Pooling=true;Max Pool Size=600;Connection Timeout=120]-[ProviderName:]

2015-09-11 18:03:54,331 [21] INFO  ConnectionStringLog [(null)] - ConnectionString初始化完成，共有数据库连接字符串：2个ConfigConnString:[Name:LocalSqlServer]-[ConnectionString:data source=.\SQLEXPRESS;Integrated Security=SSPI;AttachDBFilename=|DataDirectory|aspnetdb.mdf;User Instance=true]-[ProviderName:System.Data.SqlClient]
ConfigConnString:[Name:ConnStringOfAchuan]-[ConnectionString:Data Source=127.0.0.1;Initial Catalog=WYC;uid=sa;pwd=Vancl@123;Pooling=true;Max Pool Size=600;Connection Timeout=120]-[ProviderName:]

2015-09-14 10:00:01,899 [8] INFO  ConnectionStringLog [(null)] - ConnectionStringUtil not be initional, init it.
2015-09-14 10:00:02,253 [8] INFO  ConnectionStringLog [(null)] - 第1次获取连接字符串开始...
2015-09-14 10:00:02,259 [8] INFO  ConnectionStringLog [(null)] - [ConnectionStringFactory] Create ConnectionStrings by Creator:AC.Data.ConnString.Config.ConnStringCreatorOfConfig
2015-09-14 10:00:02,263 [8] INFO  ConnectionStringLog [(null)] - 配置文件的[connectionStrings]配置节中共有字符串数量：2.
ConfigConnString:ConfigConnString:[Name:LocalSqlServer]-[ConnectionString:data source=.\SQLEXPRESS;Integrated Security=SSPI;AttachDBFilename=|DataDirectory|aspnetdb.mdf;User Instance=true]-[ProviderName:System.Data.SqlClient]
ConfigConnString:ConfigConnString:[Name:ConnStringOfAchuan]-[ConnectionString:Data Source=127.0.0.1;Initial Catalog=WYC;uid=sa;pwd=Vancl@123;Pooling=true;Max Pool Size=600;Connection Timeout=120]-[ProviderName:]

2015-09-14 10:00:02,264 [8] INFO  ConnectionStringLog [(null)] - ConnectionString初始化完成，共有数据库连接字符串：2个ConfigConnString:[Name:LocalSqlServer]-[ConnectionString:data source=.\SQLEXPRESS;Integrated Security=SSPI;AttachDBFilename=|DataDirectory|aspnetdb.mdf;User Instance=true]-[ProviderName:System.Data.SqlClient]
ConfigConnString:[Name:ConnStringOfAchuan]-[ConnectionString:Data Source=127.0.0.1;Initial Catalog=WYC;uid=sa;pwd=Vancl@123;Pooling=true;Max Pool Size=600;Connection Timeout=120]-[ProviderName:]

